<?xml version="1.0" encoding="UTF-8"?>
<coverage generated="1776446437346" clover="3.2.0">
  <project timestamp="1776446437347" name="All files">
    <metrics statements="13" coveredstatements="13" conditionals="4" coveredconditionals="4" methods="4" coveredmethods="4" elements="21" coveredelements="21" complexity="0" loc="13" ncloc="13" packages="1" files="1" classes="1"/>
    <file name="Form.jsx" path="C:\Users\dell\Desktop\WorkSpace\FSD-2\Testing\Frontend\src\components\Form.jsx">
      <metrics statements="13" coveredstatements="13" conditionals="4" coveredconditionals="4" methods="4" coveredmethods="4"/>
      <line num="4" count="9" type="stmt"/>
      <line num="5" count="9" type="stmt"/>
      <line num="6" count="9" type="stmt"/>
      <line num="8" count="9" type="stmt"/>
      <line num="9" count="2" type="stmt"/>
      <line num="11" count="2" type="cond" truecount="2" falsecount="0"/>
      <line num="12" count="1" type="stmt"/>
      <line num="13" count="1" type="stmt"/>
      <line num="16" count="1" type="stmt"/>
      <line num="17" count="1" type="stmt"/>
      <line num="20" count="9" type="stmt"/>
      <line num="27" count="2" type="stmt"/>
      <line num="35" count="2" type="stmt"/>
    </file>
  </project>
</coverage>
