{"C:\\Users\\dell\\Desktop\\WorkSpace\\FSD-2\\Testing\\Frontend\\src\\components\\Form.jsx": {"path":"C:\\Users\\dell\\Desktop\\WorkSpace\\FSD-2\\Testing\\Frontend\\src\\components\\Form.jsx","statementMap":{"0":{"start":{"line":4,"column":16},"end":{"line":4,"column":40}},"1":{"start":{"line":5,"column":19},"end":{"line":5,"column":46}},"2":{"start":{"line":6,"column":16},"end":{"line":6,"column":40}},"3":{"start":{"line":8,"column":8},"end":{"line":17,"column":null}},"4":{"start":{"line":9,"column":4},"end":{"line":9,"column":null}},"5":{"start":{"line":11,"column":4},"end":{"line":13,"column":null}},"6":{"start":{"line":12,"column":6},"end":{"line":12,"column":null}},"7":{"start":{"line":13,"column":6},"end":{"line":13,"column":null}},"8":{"start":{"line":16,"column":4},"end":{"line":16,"column":null}},"9":{"start":{"line":17,"column":4},"end":{"line":17,"column":null}},"10":{"start":{"line":20,"column":2},"end":{"line":40,"column":null}},"11":{"start":{"line":27,"column":25},"end":{"line":27,"column":null}},"12":{"start":{"line":35,"column":25},"end":{"line":35,"column":null}}},"fnMap":{"0":{"name":"Form","decl":{"start":{"line":3,"column":9},"end":{"line":3,"column":16}},"loc":{"start":{"line":3,"column":16},"end":{"line":40,"column":null}},"line":3},"1":{"name":"(anonymous_1)","decl":{"start":{"line":8,"column":8},"end":{"line":8,"column":24}},"loc":{"start":{"line":8,"column":30},"end":{"line":17,"column":null}},"line":8},"2":{"name":"(anonymous_2)","decl":{"start":{"line":27,"column":8},"end":{"line":27,"column":19}},"loc":{"start":{"line":27,"column":25},"end":{"line":27,"column":null}},"line":27},"3":{"name":"(anonymous_3)","decl":{"start":{"line":35,"column":8},"end":{"line":35,"column":19}},"loc":{"start":{"line":35,"column":25},"end":{"line":35,"column":null}},"line":35}},"branchMap":{"0":{"loc":{"start":{"line":11,"column":4},"end":{"line":13,"column":null}},"type":"if","locations":[{"start":{"line":11,"column":4},"end":{"line":13,"column":null}},{"start":{},"end":{}}],"line":11},"1":{"loc":{"start":{"line":38,"column":7},"end":{"line":38,"column":null}},"type":"binary-expr","locations":[{"start":{"line":38,"column":7},"end":{"line":38,"column":16}},{"start":{"line":38,"column":16},"end":{"line":38,"column":null}}],"line":38}},"s":{"0":9,"1":9,"2":9,"3":9,"4":2,"5":2,"6":1,"7":1,"8":1,"9":1,"10":9,"11":2,"12":2},"f":{"0":9,"1":2,"2":2,"3":2},"b":{"0":[1,1],"1":[9,1]},"meta":{"lastBranch":2,"lastFunction":4,"lastStatement":13,"seen":{"f:3:9:3:16":0,"s:4:16:4:40":0,"s:5:19:5:46":1,"s:6:16:6:40":2,"s:8:8:17:Infinity":3,"f:8:8:8:24":1,"s:9:4:9:Infinity":4,"b:11:4:13:Infinity:undefined:undefined:undefined:undefined":0,"s:11:4:13:Infinity":5,"s:12:6:12:Infinity":6,"s:13:6:13:Infinity":7,"s:16:4:16:Infinity":8,"s:17:4:17:Infinity":9,"s:20:2:40:Infinity":10,"f:27:8:27:19":2,"s:27:25:27:Infinity":11,"f:35:8:35:19":3,"s:35:25:35:Infinity":12,"b:38:7:38:16:38:16:38:Infinity":1}}}
}
